<?xml version="1.0" encoding="UTF-8"?>
<!-- Generated by org.testng.reporters.JUnitReportReporter -->
<testsuite skipped="0" hostname="DESKTOP-Q3T0OHB" name="com.qa.chain.NewTest" tests="1" failures="0" timestamp="02 Aug 2019 07:51:48 GMT" time="0.017" errors="0">
  <testcase name="mode" time="0.017" classname="com.qa.chain.NewTest"/>
</testsuite> <!-- com.qa.chain.NewTest -->
